<?xml version="1.0" encoding="UTF-8"?>
<!-- Generated by org.testng.reporters.JUnitReportReporter -->
<testsuite skipped="0" hostname="christiandlo" name="SeleniumJenkinsTestNGprueba1.Prueba_deElementos" tests="1" failures="0" timestamp="16 dic 2017 20:03:26 GMT" time="7.702" errors="0">
  <testcase name="buttonTes" time="7.702" classname="SeleniumJenkinsTestNGprueba1.Prueba_deElementos"/>
</testsuite> <!-- SeleniumJenkinsTestNGprueba1.Prueba_deElementos -->
