<?xml version="1.0" encoding="UTF-8"?>
<!-- Generated by org.testng.reporters.JUnitReportReporter -->
<testsuite skipped="0" hostname="christiandlo" name="SeleniumJenkinsTestNGprueba1.Titulo" tests="1" failures="0" timestamp="22 oct 2017 02:15:06 GMT" time="13.067" errors="0">
  <testcase name="getTitleAutentiaTest" time="13.067" classname="SeleniumJenkinsTestNGprueba1.Titulo"/>
</testsuite> <!-- SeleniumJenkinsTestNGprueba1.Titulo -->
