<?xml version="1.0" encoding="UTF-8"?>
<!-- Generated by org.testng.reporters.JUnitReportReporter -->
<testsuite skipped="0" hostname="christiandlo" name="SeleniumJenkinsTestNGprueba1.Titulo" tests="1" failures="0" timestamp="17 oct 2017 03:35:43 GMT" time="9.548" errors="0">
  <testcase name="getTitleAutentiaTest" time="9.548" classname="SeleniumJenkinsTestNGprueba1.Titulo"/>
</testsuite> <!-- SeleniumJenkinsTestNGprueba1.Titulo -->
