<?xml version="1.0" encoding="UTF-8"?>
<!-- Generated by org.testng.reporters.JUnitReportReporter -->
<testsuite skipped="0" hostname="christiandlo" name="SeleniumJenkinsTestNGprueba1.sistema" tests="1" failures="0" timestamp="19 may 2017 03:58:19 GMT" time="10.820" errors="0">
  <testcase name="getTitleAutentiaTest" time="10.820" classname="SeleniumJenkinsTestNGprueba1.sistema"/>
</testsuite> <!-- SeleniumJenkinsTestNGprueba1.sistema -->
