<?xml version="1.0" encoding="UTF-8"?>
<!-- Generated by org.testng.reporters.JUnitReportReporter -->
<testsuite skipped="0" hostname="christiandlo" name="SeleniumJenkinsTestNGprueba1.ElemetoID_buscar" tests="1" failures="0" timestamp="16 dic 2017 20:03:26 GMT" time="7.633" errors="0">
  <testcase name="verificaBottonBuscarID" time="7.633" classname="SeleniumJenkinsTestNGprueba1.ElemetoID_buscar"/>
</testsuite> <!-- SeleniumJenkinsTestNGprueba1.ElemetoID_buscar -->
