<?xml version="1.0" encoding="UTF-8"?>
<!-- Generated by org.testng.reporters.JUnitReportReporter -->
<testsuite skipped="0" hostname="christiandlo" name="SeleniumJenkinsTestNGprueba1.PruebaFormulario" tests="1" failures="0" timestamp="31 ene 2018 21:37:05 GMT" time="13.941" errors="0">
  <testcase name="PruebaFormularioUser" time="13.941" classname="SeleniumJenkinsTestNGprueba1.PruebaFormulario"/>
</testsuite> <!-- SeleniumJenkinsTestNGprueba1.PruebaFormulario -->
