<?xml version="1.0" encoding="UTF-8"?>
<!-- Generated by org.testng.reporters.JUnitReportReporter -->
<testsuite skipped="0" hostname="christiandlo" name="SeleniumJenkinsTestNGprueba1.ElemetoID_buscar" tests="1" failures="0" timestamp="16 dic 2017 19:48:01 GMT" time="13.192" errors="0">
  <testcase name="botonBuscarID" time="13.192" classname="SeleniumJenkinsTestNGprueba1.ElemetoID_buscar"/>
</testsuite> <!-- SeleniumJenkinsTestNGprueba1.ElemetoID_buscar -->
