<?xml version="1.0" encoding="UTF-8"?>
<!-- Generated by org.testng.reporters.JUnitReportReporter -->
<testsuite skipped="0" hostname="christiandlo" name="SeleniumJenkinsTestNGprueba1.PruebaFormulario" tests="2" failures="0" timestamp="28 ene 2018 01:55:35 GMT" time="28.366" errors="0">
  <testcase name="PruebaFormularioUser" time="14.104" classname="SeleniumJenkinsTestNGprueba1.PruebaFormulario"/>
  <testcase name="PruebaFormularioUser" time="14.262" classname="SeleniumJenkinsTestNGprueba1.PruebaFormulario"/>
</testsuite> <!-- SeleniumJenkinsTestNGprueba1.PruebaFormulario -->
