<?xml version="1.0" encoding="UTF-8"?>
<!-- Generated by org.testng.reporters.JUnitReportReporter -->
<testsuite skipped="0" hostname="christiandlo" name="SeleniumJenkinsTestNGprueba1.ElemetoID_buscar" tests="1" failures="0" timestamp="28 ene 2018 19:20:51 GMT" time="10.769" errors="0">
  <testcase name="verificaBottonBuscarID" time="10.769" classname="SeleniumJenkinsTestNGprueba1.ElemetoID_buscar"/>
</testsuite> <!-- SeleniumJenkinsTestNGprueba1.ElemetoID_buscar -->
