<?xml version="1.0" encoding="UTF-8"?>
<!-- Generated by org.testng.reporters.JUnitReportReporter -->
<testsuite skipped="0" hostname="christiandlo" name="SeleniumJenkinsTestNGprueba1.MultiplesMetodos" tests="1" failures="0" timestamp="31 ene 2018 21:19:10 GMT" time="5.965" errors="0">
  <testcase name="valid_User" time="5.965" classname="SeleniumJenkinsTestNGprueba1.MultiplesMetodos"/>
</testsuite> <!-- SeleniumJenkinsTestNGprueba1.MultiplesMetodos -->
