<?xml version="1.0" encoding="UTF-8"?>
<!-- Generated by org.testng.reporters.JUnitReportReporter -->
<testsuite skipped="0" hostname="christiandlo" name="SeleniumJenkinsTestNGprueba1.MultiplesMetodos" tests="1" failures="0" timestamp="31 ene 2018 21:37:05 GMT" time="6.198" errors="0">
  <testcase name="valid_User" time="6.198" classname="SeleniumJenkinsTestNGprueba1.MultiplesMetodos"/>
</testsuite> <!-- SeleniumJenkinsTestNGprueba1.MultiplesMetodos -->
