<?xml version="1.0" encoding="UTF-8"?>
<!-- Generated by org.testng.reporters.JUnitReportReporter -->
<testsuite skipped="0" hostname="christiandlo" name="SeleniumJenkinsTestNGprueba1.PruebaFormulario" tests="1" failures="0" timestamp="28 ene 2018 01:01:13 GMT" time="14.786" errors="0">
  <testcase name="PruebaFormularioUser" time="14.786" classname="SeleniumJenkinsTestNGprueba1.PruebaFormulario"/>
</testsuite> <!-- SeleniumJenkinsTestNGprueba1.PruebaFormulario -->
