<?xml version="1.0" encoding="UTF-8"?>
<!-- Generated by org.testng.reporters.JUnitReportReporter -->
<testsuite skipped="0" hostname="christiandlo" name="SeleniumJenkinsTestNG.chrome" tests="1" failures="0" timestamp="25 abr 2017 01:18:14 GMT" time="15.495" errors="0">
  <testcase name="getTitleAutentiaTest" time="15.495" classname="SeleniumJenkinsTestNG.chrome"/>
</testsuite> <!-- SeleniumJenkinsTestNG.chrome -->
