<?xml version="1.0" encoding="UTF-8"?>
<!-- Generated by org.testng.reporters.JUnitReportReporter -->
<testsuite skipped="0" hostname="christiandlo" name="SeleniumJenkinsTestNGprueba1.Prueba_deElementocss" tests="1" failures="0" timestamp="22 oct 2017 02:15:06 GMT" time="11.765" errors="0">
  <testcase name="getTitleAutentiaTest" time="11.765" classname="SeleniumJenkinsTestNGprueba1.Prueba_deElementocss"/>
</testsuite> <!-- SeleniumJenkinsTestNGprueba1.Prueba_deElementocss -->
