<?xml version="1.0" encoding="UTF-8"?>
<!-- Generated by org.testng.reporters.JUnitReportReporter -->
<testsuite skipped="0" hostname="christiandlo" name="SeleniumJenkinsTestNGprueba1.AccesoUser" tests="1" failures="0" timestamp="22 oct 2017 02:15:06 GMT" time="12.492" errors="0">
  <testcase name="ingresaUser" time="12.492" classname="SeleniumJenkinsTestNGprueba1.AccesoUser"/>
</testsuite> <!-- SeleniumJenkinsTestNGprueba1.AccesoUser -->
