<?xml version="1.0" encoding="UTF-8"?>
<!-- Generated by org.testng.reporters.JUnitReportReporter -->
<testsuite skipped="0" hostname="christiandlo" name="SeleniumJenkinsTestNGprueba1.Prueba_deElementos" tests="2" failures="0" timestamp="28 ene 2018 19:20:51 GMT" time="23.495" errors="0">
  <testcase name="buttonTes" time="10.632" classname="SeleniumJenkinsTestNGprueba1.Prueba_deElementos"/>
  <testcase name="buttonTes" time="12.863" classname="SeleniumJenkinsTestNGprueba1.Prueba_deElementos"/>
</testsuite> <!-- SeleniumJenkinsTestNGprueba1.Prueba_deElementos -->
