<?xml version="1.0" encoding="UTF-8"?>
<!-- Generated by org.testng.reporters.JUnitReportReporter -->
<testsuite skipped="0" hostname="christiandlo" name="SeleniumJenkinsTestNGprueba1.PruebaFormulario" tests="2" failures="0" timestamp="28 ene 2018 19:20:51 GMT" time="123.097" errors="0">
  <testcase name="PruebaFormularioUser" time="107.975" classname="SeleniumJenkinsTestNGprueba1.PruebaFormulario"/>
  <testcase name="PruebaFormularioUser" time="15.122" classname="SeleniumJenkinsTestNGprueba1.PruebaFormulario"/>
</testsuite> <!-- SeleniumJenkinsTestNGprueba1.PruebaFormulario -->
