<?xml version="1.0" encoding="UTF-8"?>
<!-- Generated by org.testng.reporters.JUnitReportReporter -->
<testsuite skipped="0" hostname="christiandlo" name="SeleniumJenkinsTestNGprueba1.ElemetoID_buscar" tests="1" failures="0" timestamp="22 oct 2017 02:15:06 GMT" time="11.528" errors="0">
  <testcase name="botonBuscarID" time="11.528" classname="SeleniumJenkinsTestNGprueba1.ElemetoID_buscar"/>
</testsuite> <!-- SeleniumJenkinsTestNGprueba1.ElemetoID_buscar -->
