<?xml version="1.0" encoding="UTF-8"?>
<!-- Generated by org.testng.reporters.JUnitReportReporter -->
<testsuite skipped="0" hostname="christiandlo" name="SeleniumJenkinsTestNGprueba1.chrome" tests="1" failures="0" timestamp="20 may 2017 19:30:18 GMT" time="19.438" errors="0">
  <testcase name="ingresaUser" time="19.438" classname="SeleniumJenkinsTestNGprueba1.chrome"/>
</testsuite> <!-- SeleniumJenkinsTestNGprueba1.chrome -->
