<?xml version="1.0" encoding="UTF-8"?>
<!-- Generated by org.testng.reporters.JUnitReportReporter -->
<testsuite skipped="0" hostname="christiandlo" name="SeleniumJenkinsTestNGprueba1.Prueba_deElementocss" tests="1" failures="0" timestamp="31 ene 2018 21:19:10 GMT" time="9.131" errors="0">
  <testcase name="verificaCss" time="9.131" classname="SeleniumJenkinsTestNGprueba1.Prueba_deElementocss"/>
</testsuite> <!-- SeleniumJenkinsTestNGprueba1.Prueba_deElementocss -->
