<?xml version="1.0" encoding="UTF-8"?>
<!-- Generated by org.testng.reporters.JUnitReportReporter -->
<testsuite skipped="0" hostname="christiandlo" name="SeleniumJenkinsTestNGprueba2.RegistroUsuario" tests="1" failures="0" timestamp="19 may 2017 00:15:46 GMT" time="0.003" errors="0">
  <testcase name="f" time="0.003" classname="SeleniumJenkinsTestNGprueba2.RegistroUsuario"/>
</testsuite> <!-- SeleniumJenkinsTestNGprueba2.RegistroUsuario -->
