<?xml version="1.0" encoding="UTF-8"?>
<!-- Generated by org.testng.reporters.JUnitReportReporter -->
<testsuite skipped="0" hostname="christiandlo" name="SeleniumJenkinsTestNGprueba1.Prueba_deElementos" tests="2" failures="0" timestamp="28 ene 2018 01:55:35 GMT" time="20.476" errors="0">
  <testcase name="buttonTes" time="9.367" classname="SeleniumJenkinsTestNGprueba1.Prueba_deElementos"/>
  <testcase name="buttonTes" time="11.109" classname="SeleniumJenkinsTestNGprueba1.Prueba_deElementos"/>
</testsuite> <!-- SeleniumJenkinsTestNGprueba1.Prueba_deElementos -->
