<?xml version="1.0" encoding="UTF-8"?>
<!-- Generated by org.testng.reporters.JUnitReportReporter -->
<testsuite skipped="0" hostname="christiandlo" name="SeleniumJenkinsTestNG.sistema" tests="1" failures="0" timestamp="25 abr 2017 01:14:01 GMT" time="15.840" errors="0">
  <testcase name="getTitleAutentiaTest" time="15.840" classname="SeleniumJenkinsTestNG.sistema"/>
</testsuite> <!-- SeleniumJenkinsTestNG.sistema -->
