<?xml version="1.0" encoding="UTF-8"?>
<!-- Generated by org.testng.reporters.JUnitReportReporter -->
<testsuite skipped="0" hostname="christiandlo" name="SeleniumJenkinsTestNGprueba1.Prueba_deElementocss" tests="1" failures="0" timestamp="28 ene 2018 01:37:19 GMT" time="10.041" errors="0">
  <testcase name="verificaCss" time="10.041" classname="SeleniumJenkinsTestNGprueba1.Prueba_deElementocss"/>
</testsuite> <!-- SeleniumJenkinsTestNGprueba1.Prueba_deElementocss -->
