<?xml version="1.0" encoding="UTF-8"?>
<!-- Generated by org.testng.reporters.JUnitReportReporter -->
<testsuite skipped="0" hostname="christiandlo" name="SeleniumJenkinsTestNGprueba1.AccesoUser" tests="1" failures="0" timestamp="24 oct 2017 05:55:56 GMT" time="15.515" errors="0">
  <testcase name="ingresaUser" time="15.515" classname="SeleniumJenkinsTestNGprueba1.AccesoUser"/>
</testsuite> <!-- SeleniumJenkinsTestNGprueba1.AccesoUser -->
