<?xml version="1.0" encoding="UTF-8"?>
<!-- Generated by org.testng.reporters.JUnitReportReporter -->
<testsuite skipped="0" hostname="christiandlo" name="SeleniumJenkinsTestNGprueba1.PruebaFormulario" tests="3" failures="0" timestamp="28 ene 2018 01:37:19 GMT" time="44.404" errors="0">
  <testcase name="PruebaFormularioUser" time="16.163" classname="SeleniumJenkinsTestNGprueba1.PruebaFormulario"/>
  <testcase name="PruebaFormularioUser" time="13.975" classname="SeleniumJenkinsTestNGprueba1.PruebaFormulario"/>
  <testcase name="PruebaFormularioUser" time="14.266" classname="SeleniumJenkinsTestNGprueba1.PruebaFormulario"/>
</testsuite> <!-- SeleniumJenkinsTestNGprueba1.PruebaFormulario -->
