<?xml version="1.0" encoding="UTF-8"?>
<!-- Generated by org.testng.reporters.JUnitReportReporter -->
<testsuite skipped="0" hostname="christiandlo" name="SeleniumJenkinsTestNGprueba1.Titulo" tests="1" failures="0" timestamp="16 dic 2017 18:50:56 GMT" time="6.070" errors="0">
  <testcase name="getTitleAutentiaTest" time="6.070" classname="SeleniumJenkinsTestNGprueba1.Titulo"/>
</testsuite> <!-- SeleniumJenkinsTestNGprueba1.Titulo -->
